<?xml version="1.0" encoding="UTF-8"?>
<testsuite xmlns:xsi="http://www.w3.org/2001/XMLSchema-instance" xsi:noNamespaceSchemaLocation="https://maven.apache.org/surefire/maven-surefire-plugin/xsd/surefire-test-report.xsd" name="com.rinhajava.app.MainTest" time="0.023" tests="1" errors="0" skipped="0" failures="0">
  <properties>
    <property name="java.specification.version" value="17"/>
    <property name="sun.jnu.encoding" value="UTF-8"/>
    <property name="java.class.path" value="/home/camel/src/rinhajava/target/test-classes:/home/camel/src/rinhajava/target/classes:/home/camel/.m2/repository/junit/junit/4.11/junit-4.11.jar:/home/camel/.m2/repository/org/hamcrest/hamcrest-core/1.3/hamcrest-core-1.3.jar:/home/camel/.m2/repository/com/fasterxml/jackson/core/jackson-databind/2.9.7/jackson-databind-2.9.7.jar:/home/camel/.m2/repository/com/fasterxml/jackson/core/jackson-annotations/2.9.0/jackson-annotations-2.9.0.jar:/home/camel/.m2/repository/com/fasterxml/jackson/core/jackson-core/2.9.7/jackson-core-2.9.7.jar:/home/camel/.m2/repository/org/projectlombok/lombok/1.18.24/lombok-1.18.24.jar:/home/camel/.m2/repository/org/postgresql/postgresql/42.6.0/postgresql-42.6.0.jar:/home/camel/.m2/repository/org/checkerframework/checker-qual/3.31.0/checker-qual-3.31.0.jar:"/>
    <property name="java.vm.vendor" value="Alibaba"/>
    <property name="sun.arch.data.model" value="64"/>
    <property name="java.vendor.url" value="http://www.alibabagroup.com"/>
    <property name="user.country.format" value="BR"/>
    <property name="os.name" value="Linux"/>
    <property name="java.vm.specification.version" value="17"/>
    <property name="sun.java.launcher" value="SUN_STANDARD"/>
    <property name="user.country" value="US"/>
    <property name="sun.boot.library.path" value="/home/camel/.sdkman/candidates/java/17.0.10-albba/lib"/>
    <property name="sun.java.command" value="/home/camel/src/rinhajava/target/surefire/surefirebooter16743084925428194442.jar /home/camel/src/rinhajava/target/surefire 2024-04-03T13-16-50_567-jvmRun1 surefire12016843178335622327tmp surefire_04816706937979938017tmp"/>
    <property name="jdk.debug" value="release"/>
    <property name="surefire.test.class.path" value="/home/camel/src/rinhajava/target/test-classes:/home/camel/src/rinhajava/target/classes:/home/camel/.m2/repository/junit/junit/4.11/junit-4.11.jar:/home/camel/.m2/repository/org/hamcrest/hamcrest-core/1.3/hamcrest-core-1.3.jar:/home/camel/.m2/repository/com/fasterxml/jackson/core/jackson-databind/2.9.7/jackson-databind-2.9.7.jar:/home/camel/.m2/repository/com/fasterxml/jackson/core/jackson-annotations/2.9.0/jackson-annotations-2.9.0.jar:/home/camel/.m2/repository/com/fasterxml/jackson/core/jackson-core/2.9.7/jackson-core-2.9.7.jar:/home/camel/.m2/repository/org/projectlombok/lombok/1.18.24/lombok-1.18.24.jar:/home/camel/.m2/repository/org/postgresql/postgresql/42.6.0/postgresql-42.6.0.jar:/home/camel/.m2/repository/org/checkerframework/checker-qual/3.31.0/checker-qual-3.31.0.jar:"/>
    <property name="sun.cpu.endian" value="little"/>
    <property name="user.home" value="/home/camel"/>
    <property name="user.language" value="en"/>
    <property name="java.specification.vendor" value="Oracle Corporation"/>
    <property name="java.version.date" value="2024-01-16"/>
    <property name="java.home" value="/home/camel/.sdkman/candidates/java/17.0.10-albba"/>
    <property name="file.separator" value="/"/>
    <property name="basedir" value="/home/camel/src/rinhajava"/>
    <property name="java.vm.compressedOopsMode" value="Zero based"/>
    <property name="line.separator" value="&#10;"/>
    <property name="java.vm.specification.vendor" value="Oracle Corporation"/>
    <property name="java.specification.name" value="Java Platform API Specification"/>
    <property name="surefire.real.class.path" value="/home/camel/src/rinhajava/target/surefire/surefirebooter16743084925428194442.jar"/>
    <property name="sun.management.compiler" value="HotSpot 64-Bit Tiered Compilers"/>
    <property name="java.runtime.version" value="17.0.10+7"/>
    <property name="user.name" value="camel"/>
    <property name="path.separator" value=":"/>
    <property name="os.version" value="6.5.0-26-generic"/>
    <property name="java.runtime.name" value="OpenJDK Runtime Environment"/>
    <property name="file.encoding" value="UTF-8"/>
    <property name="java.vm.name" value="OpenJDK 64-Bit Server VM"/>
    <property name="java.vendor.version" value="(Alibaba Dragonwell Standard Edition)-17.0.10.0.11+7-GA"/>
    <property name="localRepository" value="/home/camel/.m2/repository"/>
    <property name="java.vendor.url.bug" value="mailto:dragonwell_use@googlegroups.com"/>
    <property name="java.io.tmpdir" value="/tmp"/>
    <property name="idea.version" value="2023.2.5"/>
    <property name="java.version" value="17.0.10"/>
    <property name="user.dir" value="/home/camel/src/rinhajava"/>
    <property name="os.arch" value="amd64"/>
    <property name="java.vm.specification.name" value="Java Virtual Machine Specification"/>
    <property name="user.language.format" value="pt"/>
    <property name="native.encoding" value="UTF-8"/>
    <property name="java.library.path" value="/usr/java/packages/lib:/usr/lib64:/lib64:/lib:/usr/lib"/>
    <property name="java.vm.info" value="mixed mode, sharing"/>
    <property name="java.vendor" value="Alibaba"/>
    <property name="java.vm.version" value="17.0.10+7"/>
    <property name="sun.io.unicode.encoding" value="UnicodeLittle"/>
    <property name="java.class.version" value="61.0"/>
  </properties>
  <testcase name="shouldAnswerWithTrue" classname="com.rinhajava.app.MainTest" time="0.001"/>
</testsuite>